<?xml version="1.0" encoding="UTF-8"?>
<!-- Generated by org.testng.reporters.JUnitReportReporter -->
<testsuite skipped="0" hostname="DESKTOP-JFRSRNI" name="test.LoginTest" tests="1" failures="0" timestamp="06 Apr 2019 14:49:09 GMT" time="5.245" errors="0">
  <testcase name="TechfiosLoginTest" time="5.245" classname="test.LoginTest"/>
</testsuite> <!-- test.LoginTest -->
